<?xml version="1.0" encoding="UTF-8"?>
<!-- Generated by org.testng.reporters.JUnitReportReporter -->
<testsuite hostname="AVJ" failures="0" tests="11" name="tests.DashboardTest" time="1.114" errors="0" timestamp="2025-12-16T18:27:04 IST" skipped="0">
  <testcase classname="tests.DashboardTest" name="verifyExampleOfBugLinkRedirection" time="0.132"/>
  <testcase classname="tests.DashboardTest" name="verifyTypeOfBugLinkRedirection" time="0.094"/>
  <testcase classname="tests.DashboardTest" name="verifyFindBugLinkRedirection" time="0.086"/>
  <testcase classname="tests.DashboardTest" name="verifyReportBugLinkRedirection" time="0.120"/>
  <testcase classname="tests.DashboardTest" name="verifySocialShareLinkRedirection" time="0.111"/>
  <testcase classname="tests.DashboardTest" name="verifySendButtonLinkRedirection" time="0.090"/>
  <testcase classname="tests.DashboardTest" name="verifyVideoPlayerLinkRedirection" time="0.088"/>
  <testcase classname="tests.DashboardTest" name="verifyArticlesBugLinkRedirection" time="0.074"/>
  <testcase classname="tests.DashboardTest" name="verifySearchButtonLinkRedirection" time="0.092"/>
  <testcase classname="tests.DashboardTest" name="verifybookingTableLinkRedirection" time="0.129"/>
  <testcase classname="tests.DashboardTest" name="verifyHelpLinkRedirection" time="0.098"/>
</testsuite> <!-- tests.DashboardTest -->
