<?xml version="1.0" encoding="UTF-8"?>
<!-- Generated by org.testng.reporters.JUnitReportReporter -->
<testsuite hostname="AVJ" failures="0" tests="15" name="tests.SignupTest" time="58.874" errors="0" timestamp="2025-12-22T21:21:15 IST" skipped="0">
  <testcase classname="tests.SignupTest" name="verifySearchTabRedirection" time="0.058"/>
  <testcase classname="tests.SignupTest" name="verifySignUpForm" time="6.869"/>
  <testcase classname="tests.SignupTest" name="verifySignUpForm" time="3.167"/>
  <testcase classname="tests.SignupTest" name="verifySignUpForm" time="5.100"/>
  <testcase classname="tests.SignupTest" name="verifySignUpForm" time="3.883"/>
  <testcase classname="tests.SignupTest" name="verifySignUpForm" time="3.943"/>
  <testcase classname="tests.SignupTest" name="verifySignUpForm" time="3.889"/>
  <testcase classname="tests.SignupTest" name="verifySignUpForm" time="6.626"/>
  <testcase classname="tests.SignupTest" name="verifySignUpForm" time="3.734"/>
  <testcase classname="tests.SignupTest" name="verifySignUpForm" time="5.646"/>
  <testcase classname="tests.SignupTest" name="verifySignUpForm" time="4.348"/>
  <testcase classname="tests.SignupTest" name="verifySignUpForm" time="3.908"/>
  <testcase classname="tests.SignupTest" name="verifySignUpForm" time="4.531"/>
  <testcase classname="tests.SignupTest" name="verifyPopUpLinkRedirection" time="0.031"/>
  <testcase classname="tests.SignupTest" name="verifySignUpForm" time="3.141"/>
</testsuite> <!-- tests.SignupTest -->
