<?xml version="1.0" encoding="UTF-8"?>
<!-- Generated by org.testng.reporters.JUnitReportReporter -->
<testsuite hostname="AVJ" failures="0" tests="10" name="tests.DashboardTest" time="89.812" errors="0" timestamp="2025-12-06T22:30:40 IST" skipped="0">
  <testcase classname="tests.DashboardTest" name="articlesBug" time="10.910"/>
  <testcase classname="tests.DashboardTest" name="findBugs" time="11.643"/>
  <testcase classname="tests.DashboardTest" name="typeOfBugs" time="7.948"/>
  <testcase classname="tests.DashboardTest" name="socialShareLink" time="9.124"/>
  <testcase classname="tests.DashboardTest" name="bookingTable" time="8.518"/>
  <testcase classname="tests.DashboardTest" name="helpLink" time="8.024"/>
  <testcase classname="tests.DashboardTest" name="videoPlayer" time="7.575"/>
  <testcase classname="tests.DashboardTest" name="sendButtonLink" time="4.951"/>
  <testcase classname="tests.DashboardTest" name="reportBugs" time="12.711"/>
  <testcase classname="tests.DashboardTest" name="searchButton" time="8.408"/>
</testsuite> <!-- tests.DashboardTest -->
