<?xml version="1.0" encoding="UTF-8"?>
<!-- Generated by org.testng.reporters.JUnitReportReporter -->
<testsuite hostname="AVJ" failures="0" tests="15" name="tests.SignupTest" time="175.286" errors="0" timestamp="2025-12-22T22:58:31 IST" skipped="0">
  <testcase classname="tests.SignupTest" name="verifySearchTabRedirection" time="0.056"/>
  <testcase classname="tests.SignupTest" name="verifySignUpForm" time="10.754"/>
  <testcase classname="tests.SignupTest" name="verifySignUpForm" time="16.614"/>
  <testcase classname="tests.SignupTest" name="verifySignUpForm" time="8.462"/>
  <testcase classname="tests.SignupTest" name="verifySignUpForm" time="8.014"/>
  <testcase classname="tests.SignupTest" name="verifySignUpForm" time="15.356"/>
  <testcase classname="tests.SignupTest" name="verifySignUpForm" time="15.859"/>
  <testcase classname="tests.SignupTest" name="verifySignUpForm" time="3.671"/>
  <testcase classname="tests.SignupTest" name="verifyPopUpLinkRedirection" time="0.026"/>
  <testcase classname="tests.SignupTest" name="verifySignUpForm" time="16.810"/>
  <testcase classname="tests.SignupTest" name="verifySignUpForm" time="15.824"/>
  <testcase classname="tests.SignupTest" name="verifySignUpForm" time="32.826"/>
  <testcase classname="tests.SignupTest" name="verifySignUpForm" time="9.557"/>
  <testcase classname="tests.SignupTest" name="verifySignUpForm" time="5.441"/>
  <testcase classname="tests.SignupTest" name="verifySignUpForm" time="16.016"/>
</testsuite> <!-- tests.SignupTest -->
